<?xml version="1.0" encoding="UTF-8"?>
<!-- Generated by org.testng.reporters.JUnitReportReporter -->
<testsuite hostname="QT-INHD-LT0395" failures="0" tests="6" name="TestNg.testcases" time="0.019" errors="0" timestamp="2022-11-24T10:53:43 IST" skipped="0">
  <testcase classname="TestNg.testcases" name="login" time="0.001"/>
  <system-out/>
  <testcase classname="TestNg.testcases" name="login" time="0.002"/>
  <system-out/>
  <testcase classname="TestNg.testcases" name="Username" time="0.005"/>
  <system-out/>
  <testcase classname="TestNg.testcases" name="Username" time="0.003"/>
  <system-out/>
  <testcase classname="TestNg.testcases" name="Password" time="0.003"/>
  <system-out/>
  <testcase classname="TestNg.testcases" name="Password" time="0.005"/>
  <system-out/>
</testsuite> <!-- TestNg.testcases -->
