<?xml version="1.0" encoding="UTF-8"?>
<!-- Generated by org.testng.reporters.JUnitReportReporter -->
<testsuite hostname="QT-INHD-LT0395" failures="0" tests="2" name="TestNg.parallel_Browsers" time="14.381" errors="0" timestamp="2022-11-25T00:27:54 IST" skipped="0">
  <testcase classname="TestNg.parallel_Browsers" name="Test1" time="7.160"/>
  <system-out/>
  <testcase classname="TestNg.parallel_Browsers" name="Test1" time="7.221"/>
  <system-out/>
</testsuite> <!-- TestNg.parallel_Browsers -->
