<?xml version="1.0" encoding="UTF-8"?>
<!-- Generated by org.testng.reporters.JUnitReportReporter -->
<testsuite hostname="QT-INHD-LT0395" failures="0" tests="8" name="TestNg.Test1" time="38.347" errors="0" timestamp="2022-11-25T00:27:54 IST" skipped="0">
  <testcase classname="TestNg.Test1" name="Home_Ebay" time="6.202"/>
  <system-out/>
  <testcase classname="TestNg.Test1" name="Home_Ebay" time="5.833"/>
  <system-out/>
  <testcase classname="TestNg.Test1" name="Search" time="4.572"/>
  <system-out/>
  <testcase classname="TestNg.Test1" name="Search" time="3.611"/>
  <system-out/>
  <testcase classname="TestNg.Test1" name="SelectItem" time="0.387"/>
  <system-out/>
  <testcase classname="TestNg.Test1" name="SelectItem" time="0.427"/>
  <system-out/>
  <testcase classname="TestNg.Test1" name="ClickItem" time="9.090"/>
  <system-out/>
  <testcase classname="TestNg.Test1" name="ClickItem" time="8.225"/>
  <system-out/>
</testsuite> <!-- TestNg.Test1 -->
