<?xml version="1.0" encoding="UTF-8"?>
<!-- Generated by org.testng.reporters.JUnitReportReporter -->
<testsuite hostname="QT-INHD-LT0395" failures="0" tests="4" name="TestNg.Test1" time="14.493" errors="0" timestamp="2022-11-24T11:26:02 IST" skipped="0">
  <testcase classname="TestNg.Test1" name="Home_Ebay" time="5.783"/>
  <system-out/>
  <testcase classname="TestNg.Test1" name="Search" time="2.274"/>
  <system-out/>
  <testcase classname="TestNg.Test1" name="SelectItem" time="0.264"/>
  <system-out/>
  <testcase classname="TestNg.Test1" name="ClickItem" time="6.172"/>
  <system-out/>
</testsuite> <!-- TestNg.Test1 -->
