<?xml version="1.0" encoding="UTF-8"?>
<!-- Generated by org.testng.reporters.JUnitReportReporter -->
<testsuite hostname="QT-INHD-LT0395" failures="0" tests="2" name="TestNg.test" time="32.905" errors="0" timestamp="2022-11-24T10:53:43 IST" skipped="0">
  <testcase classname="TestNg.test" name="ClassDriver" time="24.298"/>
  <system-out/>
  <testcase classname="TestNg.test" name="ClassDriver" time="8.607"/>
  <system-out/>
</testsuite> <!-- TestNg.test -->
